[0.026s] Invoking command in '/home/hhaul/ros2_ws/build/hamerschlag_haul': CMAKE_PREFIX_PATH=${CMAKE_PREFIX_PATH}:/opt/ros/jazzy DEBUGINFOD_URLS=https://debuginfod.ubuntu.com PS1=\[\e]0;\u@\h: \w\a\]${debian_chroot:+($debian_chroot)}\[\033[01;32m\]\u@\h\[\033[00m\]:\[\033[01;34m\]\w\[\033[00m\]\$ /usr/bin/cmake /home/hhaul/ros2_ws/src/hamerschlag_haul -DCMAKE_INSTALL_PREFIX=/home/hhaul/ros2_ws/install/hamerschlag_haul
[0.065s] -- Found ament_cmake: 2.5.5 (/opt/ros/jazzy/share/ament_cmake/cmake)
[0.456s] Traceback (most recent call last):
[0.456s]   File "/opt/ros/jazzy/share/ament_cmake_core/cmake/core/package_xml_2_cmake.py", line 22, in <module>
[0.457s]     from catkin_pkg.package import parse_package_string
[0.457s] ModuleNotFoundError: No module named 'catkin_pkg'
[0.463s] [31mCMake Error at /opt/ros/jazzy/share/ament_cmake_core/cmake/core/ament_package_xml.cmake:95 (message):
[0.463s]   execute_process(/home/hhaul/sparkfun_venv/bin/python3
[0.463s]   /opt/ros/jazzy/share/ament_cmake_core/cmake/core/package_xml_2_cmake.py
[0.463s]   /home/hhaul/ros2_ws/src/hamerschlag_haul/package.xml
[0.464s]   /home/hhaul/ros2_ws/build/hamerschlag_haul/ament_cmake_core/package.cmake)
[0.464s]   returned error code 1
[0.464s] Call Stack (most recent call first):
[0.464s]   /opt/ros/jazzy/share/ament_cmake_core/cmake/core/ament_package_xml.cmake:49 (_ament_package_xml)
[0.464s]   /opt/ros/jazzy/share/ament_cmake_core/cmake/core/ament_package.cmake:63 (ament_package_xml)
[0.464s]   CMakeLists.txt:17 (ament_package)
[0.464s] 
[0.464s] [0m
[0.464s] -- Configuring incomplete, errors occurred!
[0.469s] Invoked command in '/home/hhaul/ros2_ws/build/hamerschlag_haul' returned '1': CMAKE_PREFIX_PATH=${CMAKE_PREFIX_PATH}:/opt/ros/jazzy DEBUGINFOD_URLS=https://debuginfod.ubuntu.com PS1=\[\e]0;\u@\h: \w\a\]${debian_chroot:+($debian_chroot)}\[\033[01;32m\]\u@\h\[\033[00m\]:\[\033[01;34m\]\w\[\033[00m\]\$ /usr/bin/cmake /home/hhaul/ros2_ws/src/hamerschlag_haul -DCMAKE_INSTALL_PREFIX=/home/hhaul/ros2_ws/install/hamerschlag_haul
